host: Mac.localdomain
Building DAG of jobs...
Using shell: /bin/bash
Provided cores: 8
Rules claiming more threads will be scaled down.
Job stats:
job                     count
--------------------  -------
all                         1
analyzing_benchmarks        1
generate_report             1
total                       3

Select jobs to execute...
Execute 1 jobs...

[Sun Mar 23 00:29:32 2025]
localrule analyzing_benchmarks:
    input: benchmarks/model_training_RandomForest.txt, benchmarks/model_training_MulticlassLogisticsRegression.txt, benchmarks/model_evaluation_RandomForest.txt, benchmarks/model_evaluation_MulticlassLogisticsRegression.txt
    output: results/benchmark_summary.csv
    jobid: 9
    reason: Code has changed since last execution
    resources: tmpdir=/var/folders/vw/j0gj7skx0qdbp446rdwrjyz80000gn/T

[Sun Mar 23 00:29:33 2025]
Finished job 9.
1 of 3 steps (33%) done
Select jobs to execute...
Execute 1 jobs...

[Sun Mar 23 00:29:33 2025]
localrule generate_report:
    input: results/combine_results.csv, results/benchmark_summary.csv, results/plot/roc_curve.png, results/plot/accuracy.png, results/plot/f1_score.png
    output: output/reports.html
    jobid: 10
    reason: Input files updated by another job: results/benchmark_summary.csv
    resources: tmpdir=/var/folders/vw/j0gj7skx0qdbp446rdwrjyz80000gn/T

[Sun Mar 23 00:29:33 2025]
Finished job 10.
2 of 3 steps (67%) done
Select jobs to execute...
Execute 1 jobs...

[Sun Mar 23 00:29:33 2025]
localrule all:
    input: results/RandomForest_evalution_metics.csv, results/MulticlassLogisticsRegression_evalution_metics.csv, results/combine_results.csv, results/plot/roc_curve.png, results/plot/accuracy.png, results/plot/f1_score.png, results/benchmark_summary.csv, output/reports.html
    jobid: 0
    reason: Input files updated by another job: output/reports.html, results/benchmark_summary.csv
    resources: tmpdir=/var/folders/vw/j0gj7skx0qdbp446rdwrjyz80000gn/T

[Sun Mar 23 00:29:33 2025]
Finished job 0.
3 of 3 steps (100%) done
Complete log: .snakemake/log/2025-03-23T002932.603984.snakemake.log
