host: Mac.localdomain
Building DAG of jobs...
Using shell: /bin/bash
Provided cores: 8
Rules claiming more threads will be scaled down.
Job stats:
job                                                  count
-------------------------------------------------  -------
all                                                      1
analyzing_benchmarks                                     1
combine_results                                          1
compare_models_performance_through_visualizations        1
generate_report                                          1
model_evaluation                                         2
model_tranining                                          2
total                                                    9

Select jobs to execute...
Execute 2 jobs...

[Sun Mar 23 00:30:01 2025]
localrule model_tranining:
    input: data/transformed_data/transformed_train_X.csv, data/transformed_data/label_encoded_train_y.csv
    output: models/MulticlassLogisticsRegression.pkl
    jobid: 6
    benchmark: benchmarks/model_training_MulticlassLogisticsRegression.txt
    reason: Missing output files: benchmarks/model_training_MulticlassLogisticsRegression.txt
    wildcards: model=MulticlassLogisticsRegression
    resources: tmpdir=/var/folders/vw/j0gj7skx0qdbp446rdwrjyz80000gn/T

[Sun Mar 23 00:30:01 2025]
localrule model_tranining:
    input: data/transformed_data/transformed_train_X.csv, data/transformed_data/label_encoded_train_y.csv
    output: models/RandomForest.pkl
    jobid: 2
    benchmark: benchmarks/model_training_RandomForest.txt
    reason: Missing output files: benchmarks/model_training_RandomForest.txt
    wildcards: model=RandomForest
    resources: tmpdir=/var/folders/vw/j0gj7skx0qdbp446rdwrjyz80000gn/T

[Sun Mar 23 00:30:03 2025]
Finished job 2.
1 of 9 steps (11%) done
Select jobs to execute...
Execute 1 jobs...

[Sun Mar 23 00:30:03 2025]
localrule model_evaluation:
    input: models/RandomForest.pkl, data/transformed_data/transformed_test_X.csv, data/transformed_data/label_encoded_test_y.csv
    output: results/RandomForest_evalution_metics.csv
    jobid: 1
    benchmark: benchmarks/model_evaluation_RandomForest.txt
    reason: Missing output files: results/RandomForest_evalution_metics.csv, benchmarks/model_evaluation_RandomForest.txt; Input files updated by another job: models/RandomForest.pkl
    wildcards: model=RandomForest
    resources: tmpdir=/var/folders/vw/j0gj7skx0qdbp446rdwrjyz80000gn/T

[Sun Mar 23 00:30:03 2025]
Finished job 1.
2 of 9 steps (22%) done
[Sun Mar 23 00:30:05 2025]
Finished job 6.
3 of 9 steps (33%) done
Select jobs to execute...
Execute 1 jobs...

[Sun Mar 23 00:30:05 2025]
localrule model_evaluation:
    input: models/MulticlassLogisticsRegression.pkl, data/transformed_data/transformed_test_X.csv, data/transformed_data/label_encoded_test_y.csv
    output: results/MulticlassLogisticsRegression_evalution_metics.csv
    jobid: 5
    benchmark: benchmarks/model_evaluation_MulticlassLogisticsRegression.txt
    reason: Missing output files: results/MulticlassLogisticsRegression_evalution_metics.csv, benchmarks/model_evaluation_MulticlassLogisticsRegression.txt; Input files updated by another job: models/MulticlassLogisticsRegression.pkl
    wildcards: model=MulticlassLogisticsRegression
    resources: tmpdir=/var/folders/vw/j0gj7skx0qdbp446rdwrjyz80000gn/T

[Sun Mar 23 00:30:05 2025]
Finished job 5.
4 of 9 steps (44%) done
Select jobs to execute...
Execute 2 jobs...

[Sun Mar 23 00:30:05 2025]
localrule analyzing_benchmarks:
    input: benchmarks/model_training_RandomForest.txt, benchmarks/model_training_MulticlassLogisticsRegression.txt, benchmarks/model_evaluation_RandomForest.txt, benchmarks/model_evaluation_MulticlassLogisticsRegression.txt
    output: results/benchmark_summary.csv
    jobid: 9
    reason: Missing output files: results/benchmark_summary.csv; Input files updated by another job: benchmarks/model_training_RandomForest.txt, benchmarks/model_training_MulticlassLogisticsRegression.txt, benchmarks/model_evaluation_RandomForest.txt, benchmarks/model_evaluation_MulticlassLogisticsRegression.txt
    resources: tmpdir=/var/folders/vw/j0gj7skx0qdbp446rdwrjyz80000gn/T

[Sun Mar 23 00:30:05 2025]
localrule combine_results:
    input: results/RandomForest_evalution_metics.csv, results/MulticlassLogisticsRegression_evalution_metics.csv
    output: results/combine_results.csv
    jobid: 7
    reason: Missing output files: results/combine_results.csv; Input files updated by another job: results/MulticlassLogisticsRegression_evalution_metics.csv, results/RandomForest_evalution_metics.csv
    resources: tmpdir=/var/folders/vw/j0gj7skx0qdbp446rdwrjyz80000gn/T

[Sun Mar 23 00:30:06 2025]
Finished job 7.
5 of 9 steps (56%) done
Select jobs to execute...
Execute 1 jobs...

[Sun Mar 23 00:30:06 2025]
localrule compare_models_performance_through_visualizations:
    input: results/combine_results.csv
    output: results/plot/roc_curve.png, results/plot/accuracy.png, results/plot/f1_score.png
    jobid: 8
    reason: Input files updated by another job: results/combine_results.csv
    resources: tmpdir=/var/folders/vw/j0gj7skx0qdbp446rdwrjyz80000gn/T

[Sun Mar 23 00:30:06 2025]
Finished job 9.
6 of 9 steps (67%) done
[Sun Mar 23 00:30:06 2025]
Finished job 8.
7 of 9 steps (78%) done
Select jobs to execute...
Execute 1 jobs...

[Sun Mar 23 00:30:06 2025]
localrule generate_report:
    input: results/combine_results.csv, results/benchmark_summary.csv, results/plot/roc_curve.png, results/plot/accuracy.png, results/plot/f1_score.png
    output: output/reports.html
    jobid: 10
    reason: Missing output files: output/reports.html; Input files updated by another job: results/plot/accuracy.png, results/plot/roc_curve.png, results/combine_results.csv, results/plot/f1_score.png, results/benchmark_summary.csv
    resources: tmpdir=/var/folders/vw/j0gj7skx0qdbp446rdwrjyz80000gn/T

[Sun Mar 23 00:30:07 2025]
Finished job 10.
8 of 9 steps (89%) done
Select jobs to execute...
Execute 1 jobs...

[Sun Mar 23 00:30:07 2025]
localrule all:
    input: results/RandomForest_evalution_metics.csv, results/MulticlassLogisticsRegression_evalution_metics.csv, results/combine_results.csv, results/plot/roc_curve.png, results/plot/accuracy.png, results/plot/f1_score.png, results/benchmark_summary.csv, output/reports.html
    jobid: 0
    reason: Input files updated by another job: results/plot/accuracy.png, results/MulticlassLogisticsRegression_evalution_metics.csv, results/benchmark_summary.csv, output/reports.html, results/plot/roc_curve.png, results/combine_results.csv, results/plot/f1_score.png, results/RandomForest_evalution_metics.csv
    resources: tmpdir=/var/folders/vw/j0gj7skx0qdbp446rdwrjyz80000gn/T

[Sun Mar 23 00:30:07 2025]
Finished job 0.
9 of 9 steps (100%) done
Complete log: .snakemake/log/2025-03-23T003001.496332.snakemake.log
