host: Mac.localdomain
Building DAG of jobs...
Using shell: /bin/bash
Provided cores: 8
Rules claiming more threads will be scaled down.
Job stats:
job                                                  count
-------------------------------------------------  -------
all                                                      1
combine_results                                          1
compare_models_performance_through_visualizations        1
data_preprocessing                                       1
data_retrival                                            1
model_evaluation                                         2
model_tranining                                          2
total                                                    9

Select jobs to execute...
Execute 1 jobs...

[Sat Mar 22 22:17:15 2025]
localrule data_retrival:
    input: data/Lung3.metadata.csv, data/GSE58661_series_matrix.txt.gz
    output: data/raw/train_X.csv, data/raw/test_X.csv, data/raw/train_y.csv, data/raw/test_y.csv
    jobid: 4
    reason: Missing output files: data/raw/test_y.csv, data/raw/train_X.csv, data/raw/test_X.csv, data/raw/train_y.csv
    resources: tmpdir=/var/folders/vw/j0gj7skx0qdbp446rdwrjyz80000gn/T

[Sat Mar 22 22:17:22 2025]
Finished job 4.
1 of 9 steps (11%) done
Select jobs to execute...
Execute 1 jobs...

[Sat Mar 22 22:17:22 2025]
localrule data_preprocessing:
    input: data/raw/train_X.csv, data/raw/train_y.csv, data/raw/test_X.csv, data/raw/test_y.csv
    output: models/feature_processor.pkl, models/fitted_label_encoded_train_y.pkl, data/transformed_data/transformed_train_X.csv, data/transformed_data/transformed_test_X.csv, data/transformed_data/label_encoded_train_y.csv, data/transformed_data/label_encoded_test_y.csv
    jobid: 3
    reason: Missing output files: data/transformed_data/label_encoded_train_y.csv, data/transformed_data/transformed_train_X.csv, data/transformed_data/label_encoded_test_y.csv, data/transformed_data/transformed_test_X.csv; Input files updated by another job: data/raw/test_y.csv, data/raw/train_X.csv, data/raw/test_X.csv, data/raw/train_y.csv
    resources: tmpdir=/var/folders/vw/j0gj7skx0qdbp446rdwrjyz80000gn/T

[Sat Mar 22 22:17:28 2025]
Finished job 3.
2 of 9 steps (22%) done
Select jobs to execute...
Execute 2 jobs...

[Sat Mar 22 22:17:28 2025]
localrule model_tranining:
    input: data/transformed_data/transformed_train_X.csv, data/transformed_data/label_encoded_train_y.csv
    output: models/MulticlassLogisticsRegression.pkl
    jobid: 6
    benchmark: benchmarks/model_training_MulticlassLogisticsRegression.txt
    reason: Missing output files: models/MulticlassLogisticsRegression.pkl; Input files updated by another job: data/transformed_data/label_encoded_train_y.csv, data/transformed_data/transformed_train_X.csv
    wildcards: model=MulticlassLogisticsRegression
    resources: tmpdir=/var/folders/vw/j0gj7skx0qdbp446rdwrjyz80000gn/T

[Sat Mar 22 22:17:28 2025]
localrule model_tranining:
    input: data/transformed_data/transformed_train_X.csv, data/transformed_data/label_encoded_train_y.csv
    output: models/RandomForest.pkl
    jobid: 2
    benchmark: benchmarks/model_training_RandomForest.txt
    reason: Missing output files: models/RandomForest.pkl; Input files updated by another job: data/transformed_data/label_encoded_train_y.csv, data/transformed_data/transformed_train_X.csv
    wildcards: model=RandomForest
    resources: tmpdir=/var/folders/vw/j0gj7skx0qdbp446rdwrjyz80000gn/T

RuleException:
NameError in file /Users/eshita-pc/Documents/Second_year/programming 6/Snakemake/main.smk, line 61:
The name 'model' is unknown in this context. Did you mean 'wildcards.model'?
[Sat Mar 22 22:17:28 2025]
Error in rule model_tranining:
    jobid: 2
    input: data/transformed_data/transformed_train_X.csv, data/transformed_data/label_encoded_train_y.csv
    output: models/RandomForest.pkl

RuleException:
NameError in file /Users/eshita-pc/Documents/Second_year/programming 6/Snakemake/main.smk, line 61:
The name 'model' is unknown in this context. Did you mean 'wildcards.model'?
[Sat Mar 22 22:17:28 2025]
Error in rule model_tranining:
    jobid: 6
    input: data/transformed_data/transformed_train_X.csv, data/transformed_data/label_encoded_train_y.csv
    output: models/MulticlassLogisticsRegression.pkl

Shutting down, this might take some time.
Exiting because a job execution failed. Look above for error message
Complete log: .snakemake/log/2025-03-22T221714.953872.snakemake.log
WorkflowError:
At least one job did not complete successfully.
