host: Mac.localdomain
Building DAG of jobs...
Using shell: /bin/bash
Provided cores: 8
Rules claiming more threads will be scaled down.
Job stats:
job                                                  count
-------------------------------------------------  -------
all                                                      1
combine_results                                          1
compare_models_performance_through_visualizations        1
model_evaluation                                         2
model_tranining                                          2
total                                                    7

Select jobs to execute...
Execute 2 jobs...

[Sat Mar 22 20:44:42 2025]
localrule model_tranining:
    input: data/transformed_data/transformed_train_X.csv, data/transformed_data/label_encoded_train_y.csv
    output: models/MulticlassLogisticsRegression.pkl
    jobid: 6
    benchmark: benchmarks/model_training_MulticlassLogisticsRegression.txt
    reason: Missing output files: models/MulticlassLogisticsRegression.pkl
    wildcards: model=MulticlassLogisticsRegression
    resources: tmpdir=/var/folders/vw/j0gj7skx0qdbp446rdwrjyz80000gn/T

[Sat Mar 22 20:44:42 2025]
localrule model_tranining:
    input: data/transformed_data/transformed_train_X.csv, data/transformed_data/label_encoded_train_y.csv
    output: models/RandomForest.pkl
    jobid: 2
    benchmark: benchmarks/model_training_RandomForest.txt
    reason: Missing output files: models/RandomForest.pkl
    wildcards: model=RandomForest
    resources: tmpdir=/var/folders/vw/j0gj7skx0qdbp446rdwrjyz80000gn/T

[Sat Mar 22 20:44:44 2025]
Finished job 2.
1 of 7 steps (14%) done
Select jobs to execute...
Execute 1 jobs...

[Sat Mar 22 20:44:44 2025]
localrule model_evaluation:
    input: models/RandomForest.pkl, data/transformed_data/transformed_test_X.csv, data/transformed_data/label_encoded_test_y.csv
    output: results/RandomForest_evalution_metics.csv
    jobid: 1
    benchmark: benchmarks/model_evaluation_RandomForest.txt
    reason: Missing output files: results/RandomForest_evalution_metics.csv; Input files updated by another job: models/RandomForest.pkl
    wildcards: model=RandomForest
    resources: tmpdir=/var/folders/vw/j0gj7skx0qdbp446rdwrjyz80000gn/T

[Sat Mar 22 20:44:44 2025]
Finished job 1.
2 of 7 steps (29%) done
[Sat Mar 22 20:44:46 2025]
Finished job 6.
3 of 7 steps (43%) done
Select jobs to execute...
Execute 1 jobs...

[Sat Mar 22 20:44:46 2025]
localrule model_evaluation:
    input: models/MulticlassLogisticsRegression.pkl, data/transformed_data/transformed_test_X.csv, data/transformed_data/label_encoded_test_y.csv
    output: results/MulticlassLogisticsRegression_evalution_metics.csv
    jobid: 5
    benchmark: benchmarks/model_evaluation_MulticlassLogisticsRegression.txt
    reason: Missing output files: results/MulticlassLogisticsRegression_evalution_metics.csv; Input files updated by another job: models/MulticlassLogisticsRegression.pkl
    wildcards: model=MulticlassLogisticsRegression
    resources: tmpdir=/var/folders/vw/j0gj7skx0qdbp446rdwrjyz80000gn/T

[Sat Mar 22 20:44:47 2025]
Finished job 5.
4 of 7 steps (57%) done
Select jobs to execute...
Execute 1 jobs...

[Sat Mar 22 20:44:47 2025]
localrule combine_results:
    input: results/RandomForest_evalution_metics.csv, results/MulticlassLogisticsRegression_evalution_metics.csv
    output: results/combine_results.csv
    jobid: 7
    reason: Missing output files: results/combine_results.csv; Input files updated by another job: results/MulticlassLogisticsRegression_evalution_metics.csv, results/RandomForest_evalution_metics.csv
    resources: tmpdir=/var/folders/vw/j0gj7skx0qdbp446rdwrjyz80000gn/T

[Sat Mar 22 20:44:47 2025]
Finished job 7.
5 of 7 steps (71%) done
Select jobs to execute...
Execute 1 jobs...

[Sat Mar 22 20:44:47 2025]
localrule compare_models_performance_through_visualizations:
    input: results/combine_results.csv
    output: results/plot/roc_curve.png, results/plot/accuracy.png, results/plot/f1_score.png
    jobid: 8
    reason: Input files updated by another job: results/combine_results.csv
    resources: tmpdir=/var/folders/vw/j0gj7skx0qdbp446rdwrjyz80000gn/T

[Sat Mar 22 20:44:48 2025]
Finished job 8.
6 of 7 steps (86%) done
Select jobs to execute...
Execute 1 jobs...

[Sat Mar 22 20:44:48 2025]
localrule all:
    input: results/RandomForest_evalution_metics.csv, results/MulticlassLogisticsRegression_evalution_metics.csv, results/combine_results.csv, results/plot/roc_curve.png, results/plot/accuracy.png, results/plot/f1_score.png
    jobid: 0
    reason: Input files updated by another job: results/plot/f1_score.png, results/RandomForest_evalution_metics.csv, results/plot/roc_curve.png, results/MulticlassLogisticsRegression_evalution_metics.csv, results/combine_results.csv, results/plot/accuracy.png
    resources: tmpdir=/var/folders/vw/j0gj7skx0qdbp446rdwrjyz80000gn/T

[Sat Mar 22 20:44:48 2025]
Finished job 0.
7 of 7 steps (100%) done
Complete log: .snakemake/log/2025-03-22T204442.581168.snakemake.log
