host: Mac.localdomain
Building DAG of jobs...
Using shell: /bin/bash
Provided cores: 8
Rules claiming more threads will be scaled down.
Job stats:
job                                                  count
-------------------------------------------------  -------
all                                                      1
compare_models_performance_through_visualizations        1
total                                                    2

Select jobs to execute...
Execute 1 jobs...

[Sat Mar 22 20:25:56 2025]
localrule compare_models_performance_through_visualizations:
    input: results/combine_results.csv
    output: results/plot/roc_curve.png, results/plot/accuracy.png, results/plot/f1_score.png
    jobid: 8
    reason: Missing output files: results/plot/roc_curve.png, results/plot/f1_score.png, results/plot/accuracy.png
    resources: tmpdir=/var/folders/vw/j0gj7skx0qdbp446rdwrjyz80000gn/T

RuleException:
CalledProcessError in file /Users/eshita-pc/Documents/Second_year/programming 6/Snakemake/main.smk, line 97:
Command 'set -euo pipefail;  /Users/eshita-pc/miniconda3/envs/paint/bin/python3.12 '/Users/eshita-pc/Documents/Second_year/programming 6/Snakemake/.snakemake/scripts/tmp9lm0qlxc.compare_model_performance.py'' returned non-zero exit status 1.
[Sat Mar 22 20:25:56 2025]
Error in rule compare_models_performance_through_visualizations:
    jobid: 8
    input: results/combine_results.csv
    output: results/plot/roc_curve.png, results/plot/accuracy.png, results/plot/f1_score.png

Shutting down, this might take some time.
Exiting because a job execution failed. Look above for error message
Complete log: .snakemake/log/2025-03-22T202555.951984.snakemake.log
WorkflowError:
At least one job did not complete successfully.
