Building DAG of jobs...
Using shell: /usr/bin/bash
Provided cores: 32
Rules claiming more threads will be scaled down.
Job stats:
job                                                  count    min threads    max threads
-------------------------------------------------  -------  -------------  -------------
all                                                      1              1              1
analyzing_benchmarks                                     1              1              1
combine_results                                          1              1              1
compare_models_performance_through_visualizations        1              1              1
generate_report                                          1              1              1
model_evaluation                                         2              1              1
model_tranining                                          2              1              1
total                                                    9              1              1

Select jobs to execute...

[Sun Mar 23 01:24:07 2025]
rule model_tranining:
    input: data/transformed_data/transformed_train_X.csv, data/transformed_data/label_encoded_train_y.csv
    output: models/MulticlassLogisticsRegression.pkl
    jobid: 6
    benchmark: benchmarks/model_training_MulticlassLogisticsRegression.txt
    reason: Missing output files: models/MulticlassLogisticsRegression.pkl
    wildcards: model=MulticlassLogisticsRegression
    resources: tmpdir=/tmp

[Sun Mar 23 01:24:07 2025]
rule model_tranining:
    input: data/transformed_data/transformed_train_X.csv, data/transformed_data/label_encoded_train_y.csv
    output: models/RandomForest.pkl
    jobid: 2
    benchmark: benchmarks/model_training_RandomForest.txt
    reason: Missing output files: models/RandomForest.pkl
    wildcards: model=RandomForest
    resources: tmpdir=/tmp

[Sun Mar 23 01:24:09 2025]
Finished job 2.
1 of 9 steps (11%) done
Select jobs to execute...

[Sun Mar 23 01:24:09 2025]
rule model_evaluation:
    input: models/RandomForest.pkl, data/transformed_data/transformed_test_X.csv, data/transformed_data/label_encoded_test_y.csv
    output: results/RandomForest_evalution_metics.csv
    jobid: 1
    benchmark: benchmarks/model_evaluation_RandomForest.txt
    reason: Missing output files: results/RandomForest_evalution_metics.csv; Input files updated by another job: models/RandomForest.pkl
    wildcards: model=RandomForest
    resources: tmpdir=/tmp

[Sun Mar 23 01:24:10 2025]
Finished job 1.
2 of 9 steps (22%) done
[Sun Mar 23 01:24:13 2025]
Finished job 6.
3 of 9 steps (33%) done
Select jobs to execute...

[Sun Mar 23 01:24:13 2025]
rule model_evaluation:
    input: models/MulticlassLogisticsRegression.pkl, data/transformed_data/transformed_test_X.csv, data/transformed_data/label_encoded_test_y.csv
    output: results/MulticlassLogisticsRegression_evalution_metics.csv
    jobid: 5
    benchmark: benchmarks/model_evaluation_MulticlassLogisticsRegression.txt
    reason: Missing output files: results/MulticlassLogisticsRegression_evalution_metics.csv; Input files updated by another job: models/MulticlassLogisticsRegression.pkl
    wildcards: model=MulticlassLogisticsRegression
    resources: tmpdir=/tmp

[Sun Mar 23 01:24:15 2025]
Finished job 5.
4 of 9 steps (44%) done
Select jobs to execute...

[Sun Mar 23 01:24:15 2025]
rule combine_results:
    input: results/RandomForest_evalution_metics.csv, results/MulticlassLogisticsRegression_evalution_metics.csv
    output: results/combine_results.csv
    jobid: 8
    reason: Missing output files: results/combine_results.csv; Input files updated by another job: results/MulticlassLogisticsRegression_evalution_metics.csv, results/RandomForest_evalution_metics.csv
    resources: tmpdir=/tmp

[Sun Mar 23 01:24:15 2025]
rule analyzing_benchmarks:
    input: benchmarks/model_training_RandomForest.txt, benchmarks/model_training_MulticlassLogisticsRegression.txt, benchmarks/model_evaluation_RandomForest.txt, benchmarks/model_evaluation_MulticlassLogisticsRegression.txt
    output: results/benchmark_summary.csv
    jobid: 7
    reason: Missing output files: results/benchmark_summary.csv; Input files updated by another job: benchmarks/model_training_MulticlassLogisticsRegression.txt, benchmarks/model_evaluation_MulticlassLogisticsRegression.txt, benchmarks/model_training_RandomForest.txt, benchmarks/model_evaluation_RandomForest.txt
    resources: tmpdir=/tmp

[Sun Mar 23 01:24:16 2025]
Finished job 8.
5 of 9 steps (56%) done
[Sun Mar 23 01:24:16 2025]
Finished job 7.
6 of 9 steps (67%) done
Select jobs to execute...

[Sun Mar 23 01:24:16 2025]
rule compare_models_performance_through_visualizations:
    input: results/combine_results.csv, results/benchmark_summary.csv
    output: results/plot/roc_curve.png, results/plot/accuracy.png, results/plot/f1_score.png, results/plot/run_time.png
    jobid: 9
    reason: Missing output files: results/plot/roc_curve.png, results/plot/f1_score.png, results/plot/accuracy.png, results/plot/run_time.png; Input files updated by another job: results/combine_results.csv, results/benchmark_summary.csv
    resources: tmpdir=/tmp

[Sun Mar 23 01:24:17 2025]
Finished job 9.
7 of 9 steps (78%) done
Select jobs to execute...

[Sun Mar 23 01:24:17 2025]
rule generate_report:
    input: results/combine_results.csv, results/benchmark_summary.csv, results/plot/roc_curve.png, results/plot/accuracy.png, results/plot/f1_score.png, results/plot/run_time.png
    output: reports/reports.html
    jobid: 10
    reason: Missing output files: reports/reports.html; Input files updated by another job: results/plot/run_time.png, results/combine_results.csv, results/plot/f1_score.png, results/benchmark_summary.csv, results/plot/accuracy.png, results/plot/roc_curve.png
    resources: tmpdir=/tmp

[Sun Mar 23 01:24:18 2025]
Finished job 10.
8 of 9 steps (89%) done
Select jobs to execute...

[Sun Mar 23 01:24:18 2025]
localrule all:
    input: results/RandomForest_evalution_metics.csv, results/MulticlassLogisticsRegression_evalution_metics.csv, results/benchmark_summary.csv, results/combine_results.csv, results/plot/roc_curve.png, results/plot/accuracy.png, results/plot/f1_score.png, reports/reports.html
    jobid: 0
    reason: Input files updated by another job: results/plot/f1_score.png, results/MulticlassLogisticsRegression_evalution_metics.csv, results/RandomForest_evalution_metics.csv, results/plot/accuracy.png, reports/reports.html, results/combine_results.csv, results/benchmark_summary.csv, results/plot/roc_curve.png
    resources: tmpdir=/tmp

[Sun Mar 23 01:24:18 2025]
Finished job 0.
9 of 9 steps (100%) done
Complete log: .snakemake/log/2025-03-23T012406.786984.snakemake.log
