host: Mac.localdomain
Building DAG of jobs...
Using shell: /bin/bash
Provided cores: 8
Rules claiming more threads will be scaled down.
Job stats:
job                 count
----------------  -------
all                     1
combine_results         1
model_evaluation        2
total                   4

Select jobs to execute...
Execute 2 jobs...

[Sat Mar 22 19:55:33 2025]
localrule model_evaluation:
    input: models/MulticlassLogisticsRegression.pkl, data/transformed_data/transformed_test_X.csv, data/transformed_data/label_encoded_test_y.csv
    output: results/MulticlassLogisticsRegression_evalution_metics.csv
    jobid: 5
    benchmark: benchmarks/model_evaluation_MulticlassLogisticsRegression.txt
    reason: Missing output files: results/MulticlassLogisticsRegression_evalution_metics.csv
    wildcards: model=MulticlassLogisticsRegression
    resources: tmpdir=/var/folders/vw/j0gj7skx0qdbp446rdwrjyz80000gn/T

[Sat Mar 22 19:55:33 2025]
localrule model_evaluation:
    input: models/RandomForest.pkl, data/transformed_data/transformed_test_X.csv, data/transformed_data/label_encoded_test_y.csv
    output: results/RandomForest_evalution_metics.csv
    jobid: 1
    benchmark: benchmarks/model_evaluation_RandomForest.txt
    reason: Missing output files: results/RandomForest_evalution_metics.csv
    wildcards: model=RandomForest
    resources: tmpdir=/var/folders/vw/j0gj7skx0qdbp446rdwrjyz80000gn/T

[Sat Mar 22 19:55:34 2025]
Finished job 5.
1 of 4 steps (25%) done
[Sat Mar 22 19:55:34 2025]
Finished job 1.
2 of 4 steps (50%) done
Select jobs to execute...
Execute 1 jobs...

[Sat Mar 22 19:55:34 2025]
localrule combine_results:
    input: results/RandomForest_evalution_metics.csv, results/MulticlassLogisticsRegression_evalution_metics.csv
    output: results/combine_results.csv
    jobid: 7
    reason: Missing output files: results/combine_results.csv; Input files updated by another job: results/RandomForest_evalution_metics.csv, results/MulticlassLogisticsRegression_evalution_metics.csv
    resources: tmpdir=/var/folders/vw/j0gj7skx0qdbp446rdwrjyz80000gn/T

[Sat Mar 22 19:55:34 2025]
Finished job 7.
3 of 4 steps (75%) done
Select jobs to execute...
Execute 1 jobs...

[Sat Mar 22 19:55:34 2025]
localrule all:
    input: results/RandomForest_evalution_metics.csv, results/MulticlassLogisticsRegression_evalution_metics.csv, results/combine_results.csv
    jobid: 0
    reason: Input files updated by another job: results/RandomForest_evalution_metics.csv, results/combine_results.csv, results/MulticlassLogisticsRegression_evalution_metics.csv
    resources: tmpdir=/var/folders/vw/j0gj7skx0qdbp446rdwrjyz80000gn/T

[Sat Mar 22 19:55:34 2025]
Finished job 0.
4 of 4 steps (100%) done
Complete log: .snakemake/log/2025-03-22T195532.822539.snakemake.log
