host: Mac.localdomain
Building DAG of jobs...
Using shell: /bin/bash
Provided cores: 8
Rules claiming more threads will be scaled down.
Job stats:
job                 count
----------------  -------
all                     1
combine_results         1
model_evaluation        2
total                   4

Select jobs to execute...
Execute 2 jobs...

[Sat Mar 22 19:56:15 2025]
localrule model_evaluation:
    input: models/MulticlassLogisticsRegression.pkl, data/transformed_data/transformed_test_X.csv, data/transformed_data/label_encoded_test_y.csv
    output: results/MulticlassLogisticsRegression_evalution_metics.csv
    jobid: 5
    benchmark: benchmarks/model_evaluation_MulticlassLogisticsRegression.txt
    reason: Missing output files: results/MulticlassLogisticsRegression_evalution_metics.csv
    wildcards: model=MulticlassLogisticsRegression
    resources: tmpdir=/var/folders/vw/j0gj7skx0qdbp446rdwrjyz80000gn/T

[Sat Mar 22 19:56:15 2025]
localrule model_evaluation:
    input: models/RandomForest.pkl, data/transformed_data/transformed_test_X.csv, data/transformed_data/label_encoded_test_y.csv
    output: results/RandomForest_evalution_metics.csv
    jobid: 1
    benchmark: benchmarks/model_evaluation_RandomForest.txt
    reason: Missing output files: results/RandomForest_evalution_metics.csv
    wildcards: model=RandomForest
    resources: tmpdir=/var/folders/vw/j0gj7skx0qdbp446rdwrjyz80000gn/T

[Sat Mar 22 19:56:16 2025]
Finished job 5.
1 of 4 steps (25%) done
[Sat Mar 22 19:56:16 2025]
Finished job 1.
2 of 4 steps (50%) done
Select jobs to execute...
Execute 1 jobs...

[Sat Mar 22 19:56:16 2025]
localrule combine_results:
    input: results/RandomForest_evalution_metics.csv, results/MulticlassLogisticsRegression_evalution_metics.csv
    output: results/combine_results.csv
    jobid: 7
    reason: Missing output files: results/combine_results.csv; Input files updated by another job: results/MulticlassLogisticsRegression_evalution_metics.csv, results/RandomForest_evalution_metics.csv
    resources: tmpdir=/var/folders/vw/j0gj7skx0qdbp446rdwrjyz80000gn/T

RuleException:
CalledProcessError in file /Users/eshita-pc/Documents/Second_year/programming 6/Snakemake/main.smk, line 84:
Command 'set -euo pipefail;  /Users/eshita-pc/miniconda3/envs/paint/bin/python3.12 '/Users/eshita-pc/Documents/Second_year/programming 6/Snakemake/.snakemake/scripts/tmpa9u6zcty.combine_results.py'' returned non-zero exit status 1.
[Sat Mar 22 19:56:16 2025]
Error in rule combine_results:
    jobid: 7
    input: results/RandomForest_evalution_metics.csv, results/MulticlassLogisticsRegression_evalution_metics.csv
    output: results/combine_results.csv

Shutting down, this might take some time.
Exiting because a job execution failed. Look above for error message
Complete log: .snakemake/log/2025-03-22T195614.622953.snakemake.log
WorkflowError:
At least one job did not complete successfully.
