host: Mac.localdomain
Building DAG of jobs...
Using shell: /bin/bash
Provided cores: 8
Rules claiming more threads will be scaled down.
Job stats:
job                                                  count
-------------------------------------------------  -------
all                                                      1
compare_models_performance_through_visualizations        1
total                                                    2

Select jobs to execute...
Execute 1 jobs...

[Sat Mar 22 20:37:50 2025]
localrule compare_models_performance_through_visualizations:
    input: results/combine_results.csv
    output: results/plot/roc_curve.png, results/plot/accuracy.png, results/plot/f1_score.png
    jobid: 8
    reason: Missing output files: results/plot/accuracy.png, results/plot/f1_score.png, results/plot/roc_curve.png
    resources: tmpdir=/var/folders/vw/j0gj7skx0qdbp446rdwrjyz80000gn/T

[Sat Mar 22 20:37:51 2025]
Finished job 8.
1 of 2 steps (50%) done
Select jobs to execute...
Execute 1 jobs...

[Sat Mar 22 20:37:51 2025]
localrule all:
    input: results/RandomForest_evalution_metics.csv, results/MulticlassLogisticsRegression_evalution_metics.csv, results/combine_results.csv, results/plot/roc_curve.png, results/plot/accuracy.png, results/plot/f1_score.png
    jobid: 0
    reason: Input files updated by another job: results/plot/accuracy.png, results/plot/f1_score.png, results/plot/roc_curve.png
    resources: tmpdir=/var/folders/vw/j0gj7skx0qdbp446rdwrjyz80000gn/T

[Sat Mar 22 20:37:51 2025]
Finished job 0.
2 of 2 steps (100%) done
Complete log: .snakemake/log/2025-03-22T203750.255182.snakemake.log
