host: Mac.localdomain
Building DAG of jobs...
Using shell: /bin/bash
Provided cores: 8
Rules claiming more threads will be scaled down.
Job stats:
job                                                  count
-------------------------------------------------  -------
all                                                      1
analyzing_benchmarks                                     1
combine_results                                          1
compare_models_performance_through_visualizations        1
model_evaluation                                         2
model_tranining                                          2
total                                                    8

Select jobs to execute...
Execute 2 jobs...

[Sat Mar 22 23:36:16 2025]
localrule model_tranining:
    input: data/transformed_data/transformed_train_X.csv, data/transformed_data/label_encoded_train_y.csv
    output: models/RandomForest.pkl
    jobid: 2
    benchmark: benchmarks/model_training_RandomForest.txt
    reason: Missing output files: benchmarks/model_training_RandomForest.txt
    wildcards: model=RandomForest
    resources: tmpdir=/var/folders/vw/j0gj7skx0qdbp446rdwrjyz80000gn/T

[Sat Mar 22 23:36:16 2025]
localrule model_tranining:
    input: data/transformed_data/transformed_train_X.csv, data/transformed_data/label_encoded_train_y.csv
    output: models/MulticlassLogisticsRegression.pkl
    jobid: 6
    benchmark: benchmarks/model_training_MulticlassLogisticsRegression.txt
    reason: Missing output files: benchmarks/model_training_MulticlassLogisticsRegression.txt
    wildcards: model=MulticlassLogisticsRegression
    resources: tmpdir=/var/folders/vw/j0gj7skx0qdbp446rdwrjyz80000gn/T

[Sat Mar 22 23:36:17 2025]
Finished job 2.
1 of 8 steps (12%) done
Select jobs to execute...
Execute 1 jobs...

[Sat Mar 22 23:36:17 2025]
localrule model_evaluation:
    input: models/RandomForest.pkl, data/transformed_data/transformed_test_X.csv, data/transformed_data/label_encoded_test_y.csv
    output: results/RandomForest_evalution_metics.csv
    jobid: 1
    benchmark: benchmarks/model_evaluation_RandomForest.txt
    reason: Missing output files: benchmarks/model_evaluation_RandomForest.txt, results/RandomForest_evalution_metics.csv; Input files updated by another job: models/RandomForest.pkl
    wildcards: model=RandomForest
    resources: tmpdir=/var/folders/vw/j0gj7skx0qdbp446rdwrjyz80000gn/T

[Sat Mar 22 23:36:18 2025]
Finished job 1.
2 of 8 steps (25%) done
[Sat Mar 22 23:36:20 2025]
Finished job 6.
3 of 8 steps (38%) done
Select jobs to execute...
Execute 1 jobs...

[Sat Mar 22 23:36:20 2025]
localrule model_evaluation:
    input: models/MulticlassLogisticsRegression.pkl, data/transformed_data/transformed_test_X.csv, data/transformed_data/label_encoded_test_y.csv
    output: results/MulticlassLogisticsRegression_evalution_metics.csv
    jobid: 5
    benchmark: benchmarks/model_evaluation_MulticlassLogisticsRegression.txt
    reason: Missing output files: benchmarks/model_evaluation_MulticlassLogisticsRegression.txt, results/MulticlassLogisticsRegression_evalution_metics.csv; Input files updated by another job: models/MulticlassLogisticsRegression.pkl
    wildcards: model=MulticlassLogisticsRegression
    resources: tmpdir=/var/folders/vw/j0gj7skx0qdbp446rdwrjyz80000gn/T

[Sat Mar 22 23:36:20 2025]
Finished job 5.
4 of 8 steps (50%) done
Select jobs to execute...
Execute 2 jobs...

[Sat Mar 22 23:36:20 2025]
localrule combine_results:
    input: results/RandomForest_evalution_metics.csv, results/MulticlassLogisticsRegression_evalution_metics.csv
    output: results/combine_results.csv
    jobid: 7
    reason: Missing output files: results/combine_results.csv; Input files updated by another job: results/MulticlassLogisticsRegression_evalution_metics.csv, results/RandomForest_evalution_metics.csv
    resources: tmpdir=/var/folders/vw/j0gj7skx0qdbp446rdwrjyz80000gn/T

[Sat Mar 22 23:36:20 2025]
localrule analyzing_benchmarks:
    input: benchmarks/model_training_RandomForest.txt, benchmarks/model_training_MulticlassLogisticsRegression.txt, benchmarks/model_evaluation_RandomForest.txt, benchmarks/model_evaluation_MulticlassLogisticsRegression.txt
    output: results/benchmark_summary.csv
    jobid: 9
    reason: Missing output files: results/benchmark_summary.csv; Input files updated by another job: benchmarks/model_evaluation_RandomForest.txt, benchmarks/model_evaluation_MulticlassLogisticsRegression.txt, benchmarks/model_training_RandomForest.txt, benchmarks/model_training_MulticlassLogisticsRegression.txt
    resources: tmpdir=/var/folders/vw/j0gj7skx0qdbp446rdwrjyz80000gn/T

RuleException:
CalledProcessError in file /Users/eshita-pc/Documents/Second_year/programming 6/Snakemake/main.smk, line 114:
Command 'set -euo pipefail;  /Users/eshita-pc/miniconda3/envs/paint/bin/python3.12 '/Users/eshita-pc/Documents/Second_year/programming 6/Snakemake/.snakemake/scripts/tmpk6pcysj7.analyzing_benchmarks.py'' returned non-zero exit status 1.
[Sat Mar 22 23:36:21 2025]
Error in rule analyzing_benchmarks:
    jobid: 9
    input: benchmarks/model_training_RandomForest.txt, benchmarks/model_training_MulticlassLogisticsRegression.txt, benchmarks/model_evaluation_RandomForest.txt, benchmarks/model_evaluation_MulticlassLogisticsRegression.txt
    output: results/benchmark_summary.csv

[Sat Mar 22 23:36:21 2025]
Finished job 7.
5 of 8 steps (62%) done
Shutting down, this might take some time.
Exiting because a job execution failed. Look above for error message
Complete log: .snakemake/log/2025-03-22T233616.356700.snakemake.log
WorkflowError:
At least one job did not complete successfully.
