Building DAG of jobs...
Using shell: /usr/bin/bash
Provided cores: 32
Rules claiming more threads will be scaled down.
Job stats:
job                                                  count    min threads    max threads
-------------------------------------------------  -------  -------------  -------------
all                                                      1              1              1
analyzing_benchmarks                                     1              1              1
combine_results                                          1              1              1
compare_models_performance_through_visualizations        1              1              1
data_preprocessing                                       1              1              1
generate_report                                          1              1              1
model_evaluation                                         2              1              1
model_tranining                                          2              1              1
total                                                   10              1              1

Select jobs to execute...

[Sun Mar 23 01:14:58 2025]
rule data_preprocessing:
    input: data/raw/train_X.csv, data/raw/train_y.csv, data/raw/test_X.csv, data/raw/test_y.csv
    output: models/feature_processor.pkl, models/fitted_label_encoded_train_y.pkl, data/transformed_data/transformed_train_X.csv, data/transformed_data/transformed_test_X.csv, data/transformed_data/label_encoded_train_y.csv, data/transformed_data/label_encoded_test_y.csv
    jobid: 3
    reason: Updated input files: data/raw/test_X.csv, data/raw/train_X.csv
    resources: tmpdir=/tmp

[Sun Mar 23 01:15:19 2025]
Finished job 3.
1 of 10 steps (10%) done
Select jobs to execute...

[Sun Mar 23 01:15:19 2025]
rule model_tranining:
    input: data/transformed_data/transformed_train_X.csv, data/transformed_data/label_encoded_train_y.csv
    output: models/MulticlassLogisticsRegression.pkl
    jobid: 6
    benchmark: benchmarks/model_training_MulticlassLogisticsRegression.txt
    reason: Missing output files: benchmarks/model_training_MulticlassLogisticsRegression.txt; Input files updated by another job: data/transformed_data/label_encoded_train_y.csv, data/transformed_data/transformed_train_X.csv
    wildcards: model=MulticlassLogisticsRegression
    resources: tmpdir=/tmp

[Sun Mar 23 01:15:19 2025]
rule model_tranining:
    input: data/transformed_data/transformed_train_X.csv, data/transformed_data/label_encoded_train_y.csv
    output: models/RandomForest.pkl
    jobid: 2
    benchmark: benchmarks/model_training_RandomForest.txt
    reason: Missing output files: benchmarks/model_training_RandomForest.txt; Input files updated by another job: data/transformed_data/label_encoded_train_y.csv, data/transformed_data/transformed_train_X.csv
    wildcards: model=RandomForest
    resources: tmpdir=/tmp

[Sun Mar 23 01:15:21 2025]
Finished job 2.
2 of 10 steps (20%) done
Select jobs to execute...

[Sun Mar 23 01:15:21 2025]
rule model_evaluation:
    input: models/RandomForest.pkl, data/transformed_data/transformed_test_X.csv, data/transformed_data/label_encoded_test_y.csv
    output: results/RandomForest_evalution_metics.csv
    jobid: 1
    benchmark: benchmarks/model_evaluation_RandomForest.txt
    reason: Missing output files: benchmarks/model_evaluation_RandomForest.txt, results/RandomForest_evalution_metics.csv; Input files updated by another job: models/RandomForest.pkl, data/transformed_data/label_encoded_test_y.csv, data/transformed_data/transformed_test_X.csv
    wildcards: model=RandomForest
    resources: tmpdir=/tmp

[Sun Mar 23 01:15:22 2025]
Finished job 1.
3 of 10 steps (30%) done
[Sun Mar 23 01:15:25 2025]
Finished job 6.
4 of 10 steps (40%) done
Select jobs to execute...

[Sun Mar 23 01:15:25 2025]
rule model_evaluation:
    input: models/MulticlassLogisticsRegression.pkl, data/transformed_data/transformed_test_X.csv, data/transformed_data/label_encoded_test_y.csv
    output: results/MulticlassLogisticsRegression_evalution_metics.csv
    jobid: 5
    benchmark: benchmarks/model_evaluation_MulticlassLogisticsRegression.txt
    reason: Missing output files: results/MulticlassLogisticsRegression_evalution_metics.csv, benchmarks/model_evaluation_MulticlassLogisticsRegression.txt; Input files updated by another job: data/transformed_data/label_encoded_test_y.csv, data/transformed_data/transformed_test_X.csv, models/MulticlassLogisticsRegression.pkl
    wildcards: model=MulticlassLogisticsRegression
    resources: tmpdir=/tmp

[Sun Mar 23 01:15:26 2025]
Finished job 5.
5 of 10 steps (50%) done
Select jobs to execute...

[Sun Mar 23 01:15:26 2025]
rule combine_results:
    input: results/RandomForest_evalution_metics.csv, results/MulticlassLogisticsRegression_evalution_metics.csv
    output: results/combine_results.csv
    jobid: 8
    reason: Missing output files: results/combine_results.csv; Input files updated by another job: results/RandomForest_evalution_metics.csv, results/MulticlassLogisticsRegression_evalution_metics.csv
    resources: tmpdir=/tmp

[Sun Mar 23 01:15:26 2025]
rule analyzing_benchmarks:
    input: benchmarks/model_training_RandomForest.txt, benchmarks/model_training_MulticlassLogisticsRegression.txt, benchmarks/model_evaluation_RandomForest.txt, benchmarks/model_evaluation_MulticlassLogisticsRegression.txt
    output: results/benchmark_summary.csv
    jobid: 7
    reason: Missing output files: results/benchmark_summary.csv; Input files updated by another job: benchmarks/model_evaluation_RandomForest.txt, benchmarks/model_training_MulticlassLogisticsRegression.txt, benchmarks/model_training_RandomForest.txt, benchmarks/model_evaluation_MulticlassLogisticsRegression.txt
    resources: tmpdir=/tmp

[Sun Mar 23 01:15:27 2025]
Finished job 7.
6 of 10 steps (60%) done
[Sun Mar 23 01:15:27 2025]
Finished job 8.
7 of 10 steps (70%) done
Select jobs to execute...

[Sun Mar 23 01:15:27 2025]
rule compare_models_performance_through_visualizations:
    input: results/combine_results.csv, results/benchmark_summary.csv
    output: results/plot/roc_curve.png, results/plot/accuracy.png, results/plot/f1_score.png, results/plot/run_time.png
    jobid: 9
    reason: Missing output files: results/plot/run_time.png, results/plot/f1_score.png, results/plot/roc_curve.png, results/plot/accuracy.png; Input files updated by another job: results/combine_results.csv, results/benchmark_summary.csv
    resources: tmpdir=/tmp

[Sun Mar 23 01:15:29 2025]
Finished job 9.
8 of 10 steps (80%) done
Select jobs to execute...

[Sun Mar 23 01:15:29 2025]
rule generate_report:
    input: results/combine_results.csv, results/benchmark_summary.csv, results/plot/roc_curve.png, results/plot/accuracy.png, results/plot/f1_score.png, results/plot/run_time.png
    output: reports/reports.html
    jobid: 10
    reason: Missing output files: reports/reports.html; Input files updated by another job: results/plot/f1_score.png, results/plot/accuracy.png, results/plot/run_time.png, results/plot/roc_curve.png, results/combine_results.csv, results/benchmark_summary.csv
    resources: tmpdir=/tmp

[Sun Mar 23 01:15:30 2025]
Finished job 10.
9 of 10 steps (90%) done
Select jobs to execute...

[Sun Mar 23 01:15:30 2025]
localrule all:
    input: results/RandomForest_evalution_metics.csv, results/MulticlassLogisticsRegression_evalution_metics.csv, results/benchmark_summary.csv, results/combine_results.csv, results/plot/roc_curve.png, results/plot/accuracy.png, results/plot/f1_score.png, reports/reports.html
    jobid: 0
    reason: Input files updated by another job: results/MulticlassLogisticsRegression_evalution_metics.csv, results/plot/f1_score.png, results/RandomForest_evalution_metics.csv, results/plot/accuracy.png, results/plot/roc_curve.png, results/combine_results.csv, results/benchmark_summary.csv, reports/reports.html
    resources: tmpdir=/tmp

[Sun Mar 23 01:15:30 2025]
Finished job 0.
10 of 10 steps (100%) done
Complete log: .snakemake/log/2025-03-23T011457.437735.snakemake.log
