host: Mac.localdomain
Building DAG of jobs...
Using shell: /bin/bash
Provided cores: 8
Rules claiming more threads will be scaled down.
Job stats:
job                     count
--------------------  -------
all                         1
analyzing_benchmarks        1
total                       2

Select jobs to execute...
Execute 1 jobs...

[Sat Mar 22 23:37:35 2025]
localrule analyzing_benchmarks:
    input: benchmarks/model_training_RandomForest.txt, benchmarks/model_training_MulticlassLogisticsRegression.txt, benchmarks/model_evaluation_RandomForest.txt, benchmarks/model_evaluation_MulticlassLogisticsRegression.txt
    output: results/benchmark_summary.csv
    jobid: 9
    reason: Missing output files: results/benchmark_summary.csv
    resources: tmpdir=/var/folders/vw/j0gj7skx0qdbp446rdwrjyz80000gn/T

RuleException:
CalledProcessError in file /Users/eshita-pc/Documents/Second_year/programming 6/Snakemake/main.smk, line 114:
Command 'set -euo pipefail;  /Users/eshita-pc/miniconda3/envs/paint/bin/python3.12 '/Users/eshita-pc/Documents/Second_year/programming 6/Snakemake/.snakemake/scripts/tmp44w_flk5.analyzing_benchmarks.py'' returned non-zero exit status 1.
[Sat Mar 22 23:37:35 2025]
Error in rule analyzing_benchmarks:
    jobid: 9
    input: benchmarks/model_training_RandomForest.txt, benchmarks/model_training_MulticlassLogisticsRegression.txt, benchmarks/model_evaluation_RandomForest.txt, benchmarks/model_evaluation_MulticlassLogisticsRegression.txt
    output: results/benchmark_summary.csv

Shutting down, this might take some time.
Exiting because a job execution failed. Look above for error message
Complete log: .snakemake/log/2025-03-22T233735.187248.snakemake.log
WorkflowError:
At least one job did not complete successfully.
