host: Mac.localdomain
Building DAG of jobs...
Using shell: /bin/bash
Provided cores: 8
Rules claiming more threads will be scaled down.
Job stats:
job                count
---------------  -------
all                    1
combine_results        1
total                  2

Select jobs to execute...
Execute 1 jobs...

[Sat Mar 22 19:56:27 2025]
localrule combine_results:
    input: results/RandomForest_evalution_metics.csv, results/MulticlassLogisticsRegression_evalution_metics.csv
    output: results/combine_results.csv
    jobid: 7
    reason: Missing output files: results/combine_results.csv
    resources: tmpdir=/var/folders/vw/j0gj7skx0qdbp446rdwrjyz80000gn/T

RuleException:
CalledProcessError in file /Users/eshita-pc/Documents/Second_year/programming 6/Snakemake/main.smk, line 84:
Command 'set -euo pipefail;  /Users/eshita-pc/miniconda3/envs/paint/bin/python3.12 '/Users/eshita-pc/Documents/Second_year/programming 6/Snakemake/.snakemake/scripts/tmpfymwpqlb.combine_results.py'' returned non-zero exit status 1.
[Sat Mar 22 19:56:27 2025]
Error in rule combine_results:
    jobid: 7
    input: results/RandomForest_evalution_metics.csv, results/MulticlassLogisticsRegression_evalution_metics.csv
    output: results/combine_results.csv

Shutting down, this might take some time.
Exiting because a job execution failed. Look above for error message
Complete log: .snakemake/log/2025-03-22T195626.823339.snakemake.log
WorkflowError:
At least one job did not complete successfully.
