host: Mds-Laptop.local
Building DAG of jobs...
Using shell: /bin/bash
Provided cores: 8
Rules claiming more threads will be scaled down.
Job stats:
job              count
-------------  -------
data_retrival        1
total                1

Select jobs to execute...
Execute 1 jobs...

[Thu Mar 20 14:07:10 2025]
localrule data_retrival:
    input: data/Lung3.metadata.csv, data/GSE58661_series_matrix.txt.gz
    output: data/raw/train_X.csv, data/raw/test_X.csv, data/raw/train_y.csv, data/raw/test_y.csv
    jobid: 0
    reason: Missing output files: data/raw/test_y.csv, data/raw/train_y.csv, data/raw/test_X.csv, data/raw/train_X.csv
    resources: tmpdir=/var/folders/vw/j0gj7skx0qdbp446rdwrjyz80000gn/T

[Thu Mar 20 14:07:17 2025]
Finished job 0.
1 of 1 steps (100%) done
Complete log: .snakemake/log/2025-03-20T140710.204157.snakemake.log
