host: Mds-Laptop.local
Building DAG of jobs...
Using shell: /bin/bash
Provided cores: 8
Rules claiming more threads will be scaled down.
Job stats:
job                   count
------------------  -------
data_preprocessing        1
total                     1

Select jobs to execute...
Execute 1 jobs...

[Thu Mar 20 14:45:07 2025]
localrule data_preprocessing:
    input: data/raw/train_X.csv, data/raw/train_y.csv, data/raw/test_X.csv, data/raw/test_y.csv
    output: model/feature_processor.joblib, model/fitted_label_encoded_train_y.joblib, data/transformed_data/transformed_train_X.csv, data/transformed_data/transformed_test_X.csv, data/transformed_data/label_encoded_train_y.csv, data/transformed_data/label_encoded_test_y.csv
    jobid: 0
    reason: Missing output files: data/transformed_data/label_encoded_test_y.csv, data/transformed_data/transformed_train_X.csv, model/fitted_label_encoded_train_y.joblib, data/transformed_data/transformed_test_X.csv, data/transformed_data/label_encoded_train_y.csv, model/feature_processor.joblib
    resources: tmpdir=/var/folders/vw/j0gj7skx0qdbp446rdwrjyz80000gn/T

[Thu Mar 20 14:45:14 2025]
Finished job 0.
1 of 1 steps (100%) done
Complete log: .snakemake/log/2025-03-20T144507.107238.snakemake.log
