host: Mac.localdomain
Building DAG of jobs...
Using shell: /bin/bash
Provided cores: 8
Rules claiming more threads will be scaled down.
Job stats:
job                     count
--------------------  -------
all                         1
analyzing_benchmarks        1
total                       2

Select jobs to execute...
Execute 1 jobs...

[Sat Mar 22 23:41:22 2025]
localrule analyzing_benchmarks:
    input: benchmarks/model_training_RandomForest.txt, benchmarks/model_training_MulticlassLogisticsRegression.txt, benchmarks/model_evaluation_RandomForest.txt, benchmarks/model_evaluation_MulticlassLogisticsRegression.txt
    output: results/benchmark_summary.csv
    jobid: 9
    reason: Missing output files: results/benchmark_summary.csv
    resources: tmpdir=/var/folders/vw/j0gj7skx0qdbp446rdwrjyz80000gn/T

[Sat Mar 22 23:41:22 2025]
Finished job 9.
1 of 2 steps (50%) done
Select jobs to execute...
Execute 1 jobs...

[Sat Mar 22 23:41:22 2025]
localrule all:
    input: results/RandomForest_evalution_metics.csv, results/MulticlassLogisticsRegression_evalution_metics.csv, results/combine_results.csv, results/plot/roc_curve.png, results/plot/accuracy.png, results/plot/f1_score.png, results/benchmark_summary.csv
    jobid: 0
    reason: Input files updated by another job: results/benchmark_summary.csv
    resources: tmpdir=/var/folders/vw/j0gj7skx0qdbp446rdwrjyz80000gn/T

[Sat Mar 22 23:41:22 2025]
Finished job 0.
2 of 2 steps (100%) done
Complete log: .snakemake/log/2025-03-22T234121.674158.snakemake.log
