host: Mds-Laptop.local
Building DAG of jobs...
Using shell: /bin/bash
Provided cores: 8
Rules claiming more threads will be scaled down.
Job stats:
job              count
-------------  -------
data_retrival        1
total                1

Select jobs to execute...
Execute 1 jobs...

[Thu Mar 20 13:17:08 2025]
localrule data_retrival:
    input: data/Lung3.metadata.csv, data/GSE58661_series_matrix.txt.gz, scripts/data_retrival.py
    output: data/train_X.csv, data/test_X.csv, data/train_y.csv, data/test_y.csv
    jobid: 0
    reason: Missing output files: data/test_X.csv, data/train_y.csv, data/test_y.csv, data/train_X.csv
    resources: tmpdir=/var/folders/vw/j0gj7skx0qdbp446rdwrjyz80000gn/T

[Thu Mar 20 13:17:11 2025]
Error in rule data_retrival:
    jobid: 0
    input: data/Lung3.metadata.csv, data/GSE58661_series_matrix.txt.gz, scripts/data_retrival.py
    output: data/train_X.csv, data/test_X.csv, data/train_y.csv, data/test_y.csv
    shell:
        python scripts/data_retrival.py --lungfile data/Lung3.metadata.csv --genefile data/GSE58661_series_matrix.txt.gz --train_X data/train_X.csv --test_X data/test_X.csv --train_y data/train_y.csv --test_y data/test_y.csv
        (one of the commands exited with non-zero exit code; note that snakemake uses bash strict mode!)

Shutting down, this might take some time.
Exiting because a job execution failed. Look above for error message
Complete log: .snakemake/log/2025-03-20T131708.948611.snakemake.log
WorkflowError:
At least one job did not complete successfully.
