host: Mac.localdomain
Building DAG of jobs...
Using shell: /bin/bash
Provided cores: 8
Rules claiming more threads will be scaled down.
Job stats:
job                count
---------------  -------
all                    1
generate_report        1
total                  2

Select jobs to execute...
Execute 1 jobs...

[Sun Mar 23 00:19:21 2025]
localrule generate_report:
    input: results/combine_results.csv, results/benchmark_summary.csv, results/plot/roc_curve.png, results/plot/accuracy.png, results/plot/f1_score.png
    output: output/reports.html
    jobid: 10
    reason: Missing output files: output/reports.html
    resources: tmpdir=/var/folders/vw/j0gj7skx0qdbp446rdwrjyz80000gn/T

RuleException:
CalledProcessError in file /Users/eshita-pc/Documents/Second_year/programming 6/Snakemake/main.smk, line 128:
Command 'set -euo pipefail;  /Users/eshita-pc/miniconda3/envs/paint/bin/python3.12 '/Users/eshita-pc/Documents/Second_year/programming 6/Snakemake/.snakemake/scripts/tmp17iz5syn.generate_report.py'' returned non-zero exit status 1.
[Sun Mar 23 00:19:22 2025]
Error in rule generate_report:
    jobid: 10
    input: results/combine_results.csv, results/benchmark_summary.csv, results/plot/roc_curve.png, results/plot/accuracy.png, results/plot/f1_score.png
    output: output/reports.html

Shutting down, this might take some time.
Exiting because a job execution failed. Look above for error message
Complete log: .snakemake/log/2025-03-23T001921.540011.snakemake.log
WorkflowError:
At least one job did not complete successfully.
