host: Mac.localdomain
Building DAG of jobs...
Using shell: /bin/bash
Provided cores: 8
Rules claiming more threads will be scaled down.
Job stats:
job                 count
----------------  -------
all                     1
model_evaluation        2
total                   3

Select jobs to execute...
Execute 2 jobs...

[Sat Mar 22 13:11:13 2025]
localrule model_evaluation:
    input: models/MulticlassLogisticsRegression.pkl, data/transformed_data/transformed_test_X.csv, data/transformed_data/label_encoded_test_y.csv
    output: results/MulticlassLogisticsRegression_evalution_metics.csv
    jobid: 5
    benchmark: benchmarks/model_evaluation_MulticlassLogisticsRegression.txt
    reason: Missing output files: results/MulticlassLogisticsRegression_evalution_metics.csv
    wildcards: model=MulticlassLogisticsRegression
    resources: tmpdir=/var/folders/vw/j0gj7skx0qdbp446rdwrjyz80000gn/T

[Sat Mar 22 13:11:13 2025]
localrule model_evaluation:
    input: models/RandomForest.pkl, data/transformed_data/transformed_test_X.csv, data/transformed_data/label_encoded_test_y.csv
    output: results/RandomForest_evalution_metics.csv
    jobid: 1
    benchmark: benchmarks/model_evaluation_RandomForest.txt
    reason: Missing output files: results/RandomForest_evalution_metics.csv
    wildcards: model=RandomForest
    resources: tmpdir=/var/folders/vw/j0gj7skx0qdbp446rdwrjyz80000gn/T

RuleException:
CalledProcessError in file /Users/eshita-pc/Documents/Second_year/programming 6/Snakemake/main.smk, line 71:
Command 'set -euo pipefail;  /Users/eshita-pc/miniconda3/envs/paint/bin/python3.12 '/Users/eshita-pc/Documents/Second_year/programming 6/Snakemake/.snakemake/scripts/tmp3alrqowf.evaluate_model.py'' returned non-zero exit status 1.
[Sat Mar 22 13:11:14 2025]
Error in rule model_evaluation:
    jobid: 5
    input: models/MulticlassLogisticsRegression.pkl, data/transformed_data/transformed_test_X.csv, data/transformed_data/label_encoded_test_y.csv
    output: results/MulticlassLogisticsRegression_evalution_metics.csv

RuleException:
CalledProcessError in file /Users/eshita-pc/Documents/Second_year/programming 6/Snakemake/main.smk, line 71:
Command 'set -euo pipefail;  /Users/eshita-pc/miniconda3/envs/paint/bin/python3.12 '/Users/eshita-pc/Documents/Second_year/programming 6/Snakemake/.snakemake/scripts/tmpa9ylg43s.evaluate_model.py'' returned non-zero exit status 1.
[Sat Mar 22 13:11:14 2025]
Error in rule model_evaluation:
    jobid: 1
    input: models/RandomForest.pkl, data/transformed_data/transformed_test_X.csv, data/transformed_data/label_encoded_test_y.csv
    output: results/RandomForest_evalution_metics.csv

Shutting down, this might take some time.
Exiting because a job execution failed. Look above for error message
Complete log: .snakemake/log/2025-03-22T131112.996067.snakemake.log
WorkflowError:
At least one job did not complete successfully.
